2023-09-13T14:31:28.788+05:30  INFO 2876 --- [restartedMain] c.m.p.ProjectCharterApplication          : Starting ProjectCharterApplication using Java 17.0.7 with PID 2876 (C:\Users\matthewb\Downloads\project-charter (1)\project-charter\target\classes started by matthewb in C:\Users\matthewb\Downloads\project-charter (1)\project-charter)
2023-09-13T14:31:28.809+05:30  INFO 2876 --- [restartedMain] c.m.p.ProjectCharterApplication          : No active profile set, falling back to 1 default profile: "default"
2023-09-13T14:31:28.920+05:30  INFO 2876 --- [restartedMain] .e.DevToolsPropertyDefaultsPostProcessor : Devtools property defaults active! Set 'spring.devtools.add-properties' to 'false' to disable
2023-09-13T14:31:28.921+05:30  INFO 2876 --- [restartedMain] .e.DevToolsPropertyDefaultsPostProcessor : For additional web related logging consider setting the 'logging.level.web' property to 'DEBUG'
2023-09-13T14:31:30.363+05:30  INFO 2876 --- [restartedMain] .s.d.r.c.RepositoryConfigurationDelegate : Bootstrapping Spring Data JPA repositories in DEFAULT mode.
2023-09-13T14:31:30.475+05:30  INFO 2876 --- [restartedMain] .s.d.r.c.RepositoryConfigurationDelegate : Finished Spring Data repository scanning in 99 ms. Found 3 JPA repository interfaces.
2023-09-13T14:31:32.491+05:30  INFO 2876 --- [restartedMain] o.s.b.w.embedded.tomcat.TomcatWebServer  : Tomcat initialized with port(s): 8080 (http)
2023-09-13T14:31:32.519+05:30  INFO 2876 --- [restartedMain] o.apache.catalina.core.StandardService   : Starting service [Tomcat]
2023-09-13T14:31:32.521+05:30  INFO 2876 --- [restartedMain] o.apache.catalina.core.StandardEngine    : Starting Servlet engine: [Apache Tomcat/10.1.11]
2023-09-13T14:31:32.674+05:30  INFO 2876 --- [restartedMain] o.a.c.c.C.[Tomcat].[localhost].[/]       : Initializing Spring embedded WebApplicationContext
2023-09-13T14:31:32.675+05:30  INFO 2876 --- [restartedMain] w.s.c.ServletWebServerApplicationContext : Root WebApplicationContext: initialization completed in 3752 ms
2023-09-13T14:31:33.257+05:30  INFO 2876 --- [restartedMain] o.hibernate.jpa.internal.util.LogHelper  : HHH000204: Processing PersistenceUnitInfo [name: default]
2023-09-13T14:31:33.517+05:30  INFO 2876 --- [restartedMain] org.hibernate.Version                    : HHH000412: Hibernate ORM core version 6.2.6.Final
2023-09-13T14:31:33.526+05:30  INFO 2876 --- [restartedMain] org.hibernate.cfg.Environment            : HHH000406: Using bytecode reflection optimizer
2023-09-13T14:31:33.901+05:30  INFO 2876 --- [restartedMain] o.h.b.i.BytecodeProviderInitiator        : HHH000021: Bytecode provider name : bytebuddy
2023-09-13T14:31:34.167+05:30  INFO 2876 --- [restartedMain] o.s.o.j.p.SpringPersistenceUnitInfo      : No LoadTimeWeaver setup: ignoring JPA class transformer
2023-09-13T14:31:34.195+05:30  INFO 2876 --- [restartedMain] com.zaxxer.hikari.HikariDataSource       : HikariPool-1 - Starting...
2023-09-13T14:31:34.850+05:30  INFO 2876 --- [restartedMain] com.zaxxer.hikari.pool.HikariPool        : HikariPool-1 - Added connection com.mysql.cj.jdbc.ConnectionImpl@4226051e
2023-09-13T14:31:34.853+05:30  INFO 2876 --- [restartedMain] com.zaxxer.hikari.HikariDataSource       : HikariPool-1 - Start completed.
2023-09-13T14:31:35.479+05:30  INFO 2876 --- [restartedMain] o.h.b.i.BytecodeProviderInitiator        : HHH000021: Bytecode provider name : bytebuddy
2023-09-13T14:31:37.223+05:30  INFO 2876 --- [restartedMain] o.h.e.t.j.p.i.JtaPlatformInitiator       : HHH000490: Using JtaPlatform implementation: [org.hibernate.engine.transaction.jta.platform.internal.NoJtaPlatform]
2023-09-13T14:31:38.222+05:30  INFO 2876 --- [restartedMain] j.LocalContainerEntityManagerFactoryBean : Initialized JPA EntityManagerFactory for persistence unit 'default'
2023-09-13T14:31:40.790+05:30  WARN 2876 --- [restartedMain] JpaBaseConfiguration$JpaWebConfiguration : spring.jpa.open-in-view is enabled by default. Therefore, database queries may be performed during view rendering. Explicitly configure spring.jpa.open-in-view to disable this warning
2023-09-13T14:31:42.417+05:30  INFO 2876 --- [restartedMain] o.s.b.d.a.OptionalLiveReloadServer       : LiveReload server is running on port 35729
2023-09-13T14:31:42.514+05:30  INFO 2876 --- [restartedMain] o.s.b.w.embedded.tomcat.TomcatWebServer  : Tomcat started on port(s): 8080 (http) with context path ''
2023-09-13T14:31:42.540+05:30  INFO 2876 --- [restartedMain] c.m.p.ProjectCharterApplication          : Started ProjectCharterApplication in 14.46 seconds (process running for 15.226)
2023-09-13T14:32:08.938+05:30  INFO 2876 --- [http-nio-8080-exec-1] o.a.c.c.C.[Tomcat].[localhost].[/]       : Initializing Spring DispatcherServlet 'dispatcherServlet'
2023-09-13T14:32:08.941+05:30  INFO 2876 --- [http-nio-8080-exec-1] o.s.web.servlet.DispatcherServlet        : Initializing Servlet 'dispatcherServlet'
2023-09-13T14:32:08.968+05:30  INFO 2876 --- [http-nio-8080-exec-1] o.s.web.servlet.DispatcherServlet        : Completed initialization in 25 ms
2023-09-13T14:32:09.154+05:30  INFO 2876 --- [http-nio-8080-exec-1] c.m.projectcharter.aop.LoggingAspect     : Executing: SessionController.getSessions(..)
2023-09-13T14:32:09.217+05:30  INFO 2876 --- [http-nio-8080-exec-1] c.m.projectcharter.aop.LoggingAspect     : Executing: SessionServiceImpl.getSessions(..)
2023-09-13T14:32:09.636+05:30 ERROR 2876 --- [http-nio-8080-exec-1] c.m.projectcharter.aop.LoggingAspect     : Exception in: SessionServiceImpl.getSessions(..). Exception: NO SESSION FOUND
2023-09-13T14:32:09.637+05:30 ERROR 2876 --- [http-nio-8080-exec-1] c.m.projectcharter.aop.LoggingAspect     : Exception in: SessionController.getSessions(..). Exception: NO SESSION FOUND
2023-09-13T14:32:09.749+05:30  WARN 2876 --- [http-nio-8080-exec-1] .m.m.a.ExceptionHandlerExceptionResolver : Resolved [com.maveric.projectcharter.exception.ApiRequestException: NO SESSION FOUND]
2023-09-13T14:32:12.992+05:30  INFO 2876 --- [http-nio-8080-exec-2] c.m.projectcharter.aop.LoggingAspect     : Executing: SessionController.getSessions(..)
2023-09-13T14:32:12.993+05:30  INFO 2876 --- [http-nio-8080-exec-2] c.m.projectcharter.aop.LoggingAspect     : Executing: SessionServiceImpl.getSessions(..)
2023-09-13T14:32:13.025+05:30 ERROR 2876 --- [http-nio-8080-exec-2] c.m.projectcharter.aop.LoggingAspect     : Exception in: SessionServiceImpl.getSessions(..). Exception: NO SESSION FOUND
2023-09-13T14:32:13.025+05:30 ERROR 2876 --- [http-nio-8080-exec-2] c.m.projectcharter.aop.LoggingAspect     : Exception in: SessionController.getSessions(..). Exception: NO SESSION FOUND
2023-09-13T14:32:13.027+05:30  WARN 2876 --- [http-nio-8080-exec-2] .m.m.a.ExceptionHandlerExceptionResolver : Resolved [com.maveric.projectcharter.exception.ApiRequestException: NO SESSION FOUND]
2023-09-13T14:32:14.854+05:30  INFO 2876 --- [http-nio-8080-exec-3] c.m.projectcharter.aop.LoggingAspect     : Executing: SessionController.getSessions(..)
2023-09-13T14:32:14.854+05:30  INFO 2876 --- [http-nio-8080-exec-3] c.m.projectcharter.aop.LoggingAspect     : Executing: SessionServiceImpl.getSessions(..)
2023-09-13T14:32:14.884+05:30 ERROR 2876 --- [http-nio-8080-exec-3] c.m.projectcharter.aop.LoggingAspect     : Exception in: SessionServiceImpl.getSessions(..). Exception: NO SESSION FOUND
2023-09-13T14:32:14.884+05:30 ERROR 2876 --- [http-nio-8080-exec-3] c.m.projectcharter.aop.LoggingAspect     : Exception in: SessionController.getSessions(..). Exception: NO SESSION FOUND
2023-09-13T14:32:14.886+05:30  WARN 2876 --- [http-nio-8080-exec-3] .m.m.a.ExceptionHandlerExceptionResolver : Resolved [com.maveric.projectcharter.exception.ApiRequestException: NO SESSION FOUND]
2023-09-13T14:32:17.037+05:30  INFO 2876 --- [http-nio-8080-exec-4] c.m.projectcharter.aop.LoggingAspect     : Executing: SessionController.getSessions(..)
2023-09-13T14:32:17.038+05:30  INFO 2876 --- [http-nio-8080-exec-4] c.m.projectcharter.aop.LoggingAspect     : Executing: SessionServiceImpl.getSessions(..)
2023-09-13T14:32:17.069+05:30 ERROR 2876 --- [http-nio-8080-exec-4] c.m.projectcharter.aop.LoggingAspect     : Exception in: SessionServiceImpl.getSessions(..). Exception: NO SESSION FOUND
2023-09-13T14:32:17.070+05:30 ERROR 2876 --- [http-nio-8080-exec-4] c.m.projectcharter.aop.LoggingAspect     : Exception in: SessionController.getSessions(..). Exception: NO SESSION FOUND
2023-09-13T14:32:17.073+05:30  WARN 2876 --- [http-nio-8080-exec-4] .m.m.a.ExceptionHandlerExceptionResolver : Resolved [com.maveric.projectcharter.exception.ApiRequestException: NO SESSION FOUND]
2023-09-13T14:32:18.655+05:30  INFO 2876 --- [http-nio-8080-exec-5] c.m.projectcharter.aop.LoggingAspect     : Executing: SessionController.getSessions(..)
2023-09-13T14:32:18.656+05:30  INFO 2876 --- [http-nio-8080-exec-5] c.m.projectcharter.aop.LoggingAspect     : Executing: SessionServiceImpl.getSessions(..)
2023-09-13T14:32:18.686+05:30 ERROR 2876 --- [http-nio-8080-exec-5] c.m.projectcharter.aop.LoggingAspect     : Exception in: SessionServiceImpl.getSessions(..). Exception: NO SESSION FOUND
2023-09-13T14:32:18.686+05:30 ERROR 2876 --- [http-nio-8080-exec-5] c.m.projectcharter.aop.LoggingAspect     : Exception in: SessionController.getSessions(..). Exception: NO SESSION FOUND
2023-09-13T14:32:18.690+05:30  WARN 2876 --- [http-nio-8080-exec-5] .m.m.a.ExceptionHandlerExceptionResolver : Resolved [com.maveric.projectcharter.exception.ApiRequestException: NO SESSION FOUND]
2023-09-13T14:33:03.402+05:30  INFO 2876 --- [http-nio-8080-exec-6] c.m.projectcharter.aop.LoggingAspect     : Executing: SessionController.getSessions(..)
2023-09-13T14:33:03.408+05:30  INFO 2876 --- [http-nio-8080-exec-6] c.m.projectcharter.aop.LoggingAspect     : Executing: SessionServiceImpl.getSessions(..)
2023-09-13T14:33:03.439+05:30 ERROR 2876 --- [http-nio-8080-exec-6] c.m.projectcharter.aop.LoggingAspect     : Exception in: SessionServiceImpl.getSessions(..). Exception: NO SESSION FOUND
2023-09-13T14:33:03.440+05:30 ERROR 2876 --- [http-nio-8080-exec-6] c.m.projectcharter.aop.LoggingAspect     : Exception in: SessionController.getSessions(..). Exception: NO SESSION FOUND
2023-09-13T14:33:03.442+05:30  WARN 2876 --- [http-nio-8080-exec-6] .m.m.a.ExceptionHandlerExceptionResolver : Resolved [com.maveric.projectcharter.exception.ApiRequestException: NO SESSION FOUND]
